<?xml version="1.0" encoding="UTF-8"?>
<!-- Generated by org.testng.reporters.JUnitReportReporter -->
<testsuite hostname="shaparma-mac" failures="0" tests="4" name="TestClassSauce" time="5.135" errors="0" timestamp="2024-06-04T21:35:40 IST" skipped="0">
  <testcase classname="TestClassSauce" name="d" time="0.004"/>
  <testcase classname="TestClassSauce" name="a" time="5.123"/>
  <testcase classname="TestClassSauce" name="c" time="0.005"/>
  <testcase classname="TestClassSauce" name="b" time="0.003"/>
</testsuite> <!-- TestClassSauce -->
