<?xml version="1.0" encoding="UTF-8"?>
<!-- Generated by org.testng.reporters.JUnitReportReporter -->
<testsuite hostname="shaparma-mac" failures="0" tests="2" name="NewTest" time="35.385" errors="0" timestamp="2024-06-04T21:32:36 IST" skipped="0">
  <testcase classname="NewTest" name="Testb" time="12.297"/>
  <testcase classname="NewTest" name="Testa" time="23.088"/>
</testsuite> <!-- NewTest -->
