<?xml version="1.0" encoding="UTF-8"?>
<!-- Generated by org.testng.reporters.JUnitReportReporter -->
<testsuite hostname="shaparma-mac" failures="0" tests="7" name="Testcase.TestClassSauce" time="41.749" errors="0" timestamp="2024-06-06T11:41:59 IST" skipped="0">
  <testcase classname="Testcase.TestClassSauce" name="c" time="6.343"/>
  <testcase classname="Testcase.TestClassSauce" name="e" time="0.798"/>
  <testcase classname="Testcase.TestClassSauce" name="a" time="11.410"/>
  <testcase classname="Testcase.TestClassSauce" name="f" time="3.823"/>
  <testcase classname="Testcase.TestClassSauce" name="g" time="5.325"/>
  <testcase classname="Testcase.TestClassSauce" name="d" time="6.334"/>
  <testcase classname="Testcase.TestClassSauce" name="b" time="7.716"/>
</testsuite> <!-- Testcase.TestClassSauce -->
